2025-10-13 10:55:02,596 - INFO - Connecting to Dragon Master to execute playbooks...
2025-10-13 10:56:01,361 - INFO - Booting VM Dragon...
2025-10-13 10:56:15,885 - INFO - Booting VM CP1...
2025-10-13 10:56:19,767 - INFO - Booting VM CP2...
2025-10-13 10:56:26,668 - INFO - Booting VM CP3...
2025-10-13 10:56:30,785 - INFO - Booting VM W1...
2025-10-13 10:56:37,868 - INFO - Booting VM W2...
2025-10-13 10:56:44,946 - INFO - Booting VM W3...
2025-10-13 10:56:49,320 - INFO - Booting VM W4...
2025-10-13 10:56:54,739 - INFO - Booting VM ELB1...
2025-10-13 10:57:01,761 - INFO - Booting VM ELB2...
2025-10-13 10:57:05,383 - INFO - Booting VM WAF1...
2025-10-13 10:57:12,638 - INFO - Booting VM WAF2...
2025-10-13 10:57:17,053 - INFO - Booting VM ILB1...
2025-10-13 10:57:21,873 - INFO - Booting VM ILB2...
2025-10-13 10:57:26,455 - INFO - Connecting to Dragon Master to execute playbooks...
2025-10-13 10:57:27,788 - INFO - Uploading elb-deletion.yaml to Dragon Master...
2025-10-13 10:57:27,793 - INFO - Uploading elb-installation.yaml to Dragon Master...
2025-10-13 10:57:27,798 - INFO - Uploading ilb-deletion.yaml to Dragon Master...
2025-10-13 10:57:27,802 - INFO - Uploading ilb-installation.yaml to Dragon Master...
2025-10-13 10:57:27,809 - INFO - Uploading kubernetes-deletion.yaml to Dragon Master...
2025-10-13 10:57:27,815 - INFO - Uploading kubernetes-installation.yaml to Dragon Master...
2025-10-13 10:57:27,823 - INFO - Uploading waf-deletion.yaml to Dragon Master...
2025-10-13 10:57:27,827 - INFO - Uploading waf-installation.yaml to Dragon Master...
2025-10-13 10:57:27,840 - INFO - All playbooks executed.
2025-10-13 14:15:31,841 - INFO - Booting VM Dragon...
2025-10-13 14:15:46,726 - INFO - Booting VM CP1...
2025-10-13 14:15:55,657 - INFO - Booting VM CP2...
2025-10-13 15:26:19,433 - INFO - Booting VM Dragon...
2025-10-13 15:26:26,095 - INFO - Booting VM CP1...
2025-10-13 15:26:32,822 - INFO - Booting VM CP2...
2025-10-13 15:26:44,889 - INFO - Booting VM CP3...
2025-10-13 15:26:50,138 - INFO - Booting VM W1...
2025-10-13 15:26:59,549 - INFO - Booting VM W2...
2025-10-13 15:27:04,780 - INFO - Booting VM W3...
2025-10-13 15:27:09,864 - INFO - Booting VM W4...
2025-10-13 15:27:15,350 - INFO - Booting VM ELB1...
2025-10-13 15:27:24,348 - INFO - Booting VM ELB2...
2025-10-13 15:27:33,492 - INFO - Booting VM WAF1...
2025-10-13 15:27:39,073 - INFO - Booting VM WAF2...
